<?xml version="1.0" encoding="UTF-8" ?>
<testsuite failures="0" time="2.289" errors="1" skipped="0" tests="1" name="TestGetAnswer">
  <properties>
[...]
</properties>
  <testcase time="2.211" classname="TestGetAnswer" name="findAnswer">
    <error message="No Session found for current thread" type="org.hibernate.HibernateException">org.hibernate.HibernateException: No Session found for current thread
	at org.springframework.orm.hibernate4.SpringSessionContext.currentSession(SpringSessionContext.java:97)
	at org.hibernate.internal.SessionFactoryImpl.getCurrentSession(SessionFactoryImpl.java:988)
	at com.web.dao.SurveyDao.findAnswerByOpenid(SurveyDao.java:47)
	at com.web.service.SurveyService.findAnswerByOpenid(SurveyService.java:63)
	at TestGetAnswer.findAnswer(TestGetAnswer.java:27)
	at sun.reflect.NativeMethodAccessorImpl.invoke0(Native Method)
	at sun.reflect.NativeMethodAccessorImpl.invoke(NativeMethodAccessorImpl.java:57)
	at sun.reflect.DelegatingMethodAccessorImpl.invoke(DelegatingMethodAccessorImpl.java:43)
	at java.lang.reflect.Method.invoke(Method.java:606)
	at org.junit.runners.model.FrameworkMethod$1.runReflectiveCall(FrameworkMethod.java:47)
	at org.junit.internal.runners.model.ReflectiveCallable.run(ReflectiveCallable.java:12)
	at org.junit.runners.model.FrameworkMethod.invokeExplosively(FrameworkMethod.java:44)
	at org.junit.internal.runners.statements.InvokeMethod.evaluate(InvokeMethod.java:17)
	at org.junit.internal.runners.statements.RunBefores.evaluate(RunBefores.java:26)
	at org.junit.runners.ParentRunner.runLeaf(ParentRunner.java:271)
	at org.junit.runners.BlockJUnit4ClassRunner.runChild(BlockJUnit4ClassRunner.java:70)
	at org.junit.runners.BlockJUnit4ClassRunner.runChild(BlockJUnit4ClassRunner.java:50)
	at org.junit.runners.ParentRunner$3.run(ParentRunner.java:238)
	at org.junit.runners.ParentRunner$1.schedule(ParentRunner.java:63)
	at org.junit.runners.ParentRunner.runChildren(ParentRunner.java:236)
	at org.junit.runners.ParentRunner.access$000(ParentRunner.java:53)
	at org.junit.runners.ParentRunner$2.evaluate(ParentRunner.java:229)
	at org.junit.runners.ParentRunner.run(ParentRunner.java:309)
	at org.apache.maven.surefire.junit4.JUnit4TestSet.execute(JUnit4TestSet.java:53)
	at org.apache.maven.surefire.junit4.JUnit4Provider.executeTestSet(JUnit4Provider.java:123)
	at org.apache.maven.surefire.junit4.JUnit4Provider.invoke(JUnit4Provider.java:104)
	at sun.reflect.NativeMethodAccessorImpl.invoke0(Native Method)
	at sun.reflect.NativeMethodAccessorImpl.invoke(NativeMethodAccessorImpl.java:57)
	at sun.reflect.DelegatingMethodAccessorImpl.invoke(DelegatingMethodAccessorImpl.java:43)
	at java.lang.reflect.Method.invoke(Method.java:606)
	at org.apache.maven.surefire.util.ReflectionUtils.invokeMethodWithArray(ReflectionUtils.java:164)
	at org.apache.maven.surefire.booter.ProviderFactory$ProviderProxy.invoke(ProviderFactory.java:110)
	at org.apache.maven.surefire.booter.SurefireStarter.invokeProvider(SurefireStarter.java:175)
	at org.apache.maven.surefire.booter.SurefireStarter.runSuitesInProcessWhenForked(SurefireStarter.java:107)
	at org.apache.maven.surefire.booter.ForkedBooter.main(ForkedBooter.java:68)
</error>
    <system-out>2016/07/11 14:16:39 OSS INFO  [org.springframework.context.support.ClassPathXmlApplicationContext] - Refreshing org.springframework.context.support.ClassPathXmlApplicationContext@27f7c6e1: startup date [Mon Jul 11 14:16:39 CST 2016]; root of context hierarchy
2016/07/11 14:16:39 OSS INFO  [org.springframework.beans.factory.xml.XmlBeanDefinitionReader] - Loading XML bean definitions from class path resource [spring-mvc.xml]
2016/07/11 14:16:39 OSS INFO  [org.springframework.beans.factory.xml.XmlBeanDefinitionReader] - Loading XML bean definitions from class path resource [spring-common.xml]
2016/07/11 14:16:39 OSS INFO  [org.springframework.beans.factory.support.DefaultListableBeanFactory] - Pre-instantiating singletons in org.springframework.beans.factory.support.DefaultListableBeanFactory@478bacbf: defining beans [surveyController,testController,wechatConnectController,wechatController,questionDao,surveyDao,coreService,surveyService,org.springframework.context.annotation.internalConfigurationAnnotationProcessor,org.springframework.context.annotation.internalAutowiredAnnotationProcessor,org.springframework.context.annotation.internalRequiredAnnotationProcessor,org.springframework.context.annotation.internalCommonAnnotationProcessor,org.springframework.context.annotation.internalPersistenceAnnotationProcessor,mvcContentNegotiationManager,org.springframework.web.servlet.mvc.method.annotation.RequestMappingHandlerMapping#0,org.springframework.format.support.FormattingConversionServiceFactoryBean#0,org.springframework.web.servlet.mvc.method.annotation.RequestMappingHandlerAdapter#0,org.springframework.web.servlet.handler.MappedInterceptor#0,org.springframework.web.servlet.mvc.method.annotation.ExceptionHandlerExceptionResolver#0,org.springframework.web.servlet.mvc.annotation.ResponseStatusExceptionResolver#0,org.springframework.web.servlet.mvc.support.DefaultHandlerExceptionResolver#0,org.springframework.web.servlet.handler.BeanNameUrlHandlerMapping,org.springframework.web.servlet.mvc.HttpRequestHandlerAdapter,org.springframework.web.servlet.mvc.SimpleControllerHandlerAdapter,org.springframework.web.servlet.resource.ResourceHttpRequestHandler#0,org.springframework.web.servlet.handler.SimpleUrlHandlerMapping#0,org.springframework.web.servlet.resource.ResourceHttpRequestHandler#1,org.springframework.web.servlet.handler.SimpleUrlHandlerMapping#1,org.springframework.web.servlet.resource.ResourceHttpRequestHandler#2,org.springframework.web.servlet.handler.SimpleUrlHandlerMapping#2,org.springframework.web.servlet.resource.ResourceHttpRequestHandler#3,org.springframework.web.servlet.handler.SimpleUrlHandlerMapping#3,viewResolver,dataSource,sessionFactory,transactionManager,transactionProxy,org.springframework.context.annotation.ConfigurationClassPostProcessor.importAwareProcessor]; root of factory hierarchy
2016/07/11 14:16:40 OSS INFO  [org.springframework.jdbc.datasource.DriverManagerDataSource] - Loaded JDBC driver: com.mysql.jdbc.Driver
2016/07/11 14:16:40 OSS INFO  [org.hibernate.annotations.common.Version] - HCANN000001: Hibernate Commons Annotations {4.0.2.Final}
2016/07/11 14:16:40 OSS INFO  [org.hibernate.Version] - HHH000412: Hibernate Core {4.2.5.Final}
2016/07/11 14:16:40 OSS INFO  [org.hibernate.cfg.Environment] - HHH000206: hibernate.properties not found
2016/07/11 14:16:40 OSS INFO  [org.hibernate.cfg.Environment] - HHH000021: Bytecode provider name : javassist
2016/07/11 14:16:40 OSS INFO  [org.hibernate.dialect.Dialect] - HHH000400: Using dialect: org.hibernate.dialect.MySQLDialect
2016/07/11 14:16:40 OSS INFO  [org.hibernate.engine.transaction.internal.TransactionFactoryInitiator] - HHH000399: Using default transaction strategy (direct JDBC transactions)
2016/07/11 14:16:40 OSS INFO  [org.hibernate.hql.internal.ast.ASTQueryTranslatorFactory] - HHH000397: Using ASTQueryTranslatorFactory
2016/07/11 14:16:40 OSS INFO  [org.hibernate.tool.hbm2ddl.SchemaUpdate] - HHH000228: Running hbm2ddl schema update
2016/07/11 14:16:40 OSS INFO  [org.hibernate.tool.hbm2ddl.SchemaUpdate] - HHH000102: Fetching database metadata
2016/07/11 14:16:40 OSS INFO  [org.hibernate.tool.hbm2ddl.SchemaUpdate] - HHH000396: Updating schema
2016/07/11 14:16:41 OSS INFO  [org.hibernate.tool.hbm2ddl.TableMetadata] - HHH000261: Table found: survey.answer
2016/07/11 14:16:41 OSS INFO  [org.hibernate.tool.hbm2ddl.TableMetadata] - HHH000037: Columns: [createtime, id, answer, openid, question]
2016/07/11 14:16:41 OSS INFO  [org.hibernate.tool.hbm2ddl.TableMetadata] - HHH000108: Foreign keys: []
2016/07/11 14:16:41 OSS INFO  [org.hibernate.tool.hbm2ddl.TableMetadata] - HHH000126: Indexes: [primary]
2016/07/11 14:16:41 OSS INFO  [org.hibernate.tool.hbm2ddl.TableMetadata] - HHH000261: Table found: survey.schedule
2016/07/11 14:16:41 OSS INFO  [org.hibernate.tool.hbm2ddl.TableMetadata] - HHH000037: Columns: [createtime, id, updatetime, money, openid, step, ip]
2016/07/11 14:16:41 OSS INFO  [org.hibernate.tool.hbm2ddl.TableMetadata] - HHH000108: Foreign keys: []
2016/07/11 14:16:41 OSS INFO  [org.hibernate.tool.hbm2ddl.TableMetadata] - HHH000126: Indexes: [primary, openid]
2016/07/11 14:16:41 OSS INFO  [org.hibernate.tool.hbm2ddl.SchemaUpdate] - HHH000232: Schema update complete
2016/07/11 14:16:41 OSS INFO  [org.springframework.web.servlet.mvc.method.annotation.RequestMappingHandlerMapping] - Mapped &quot;{[//save_answer],methods=[POST],params=[],headers=[],consumes=[],produces=[],custom=[]}&quot; onto public java.lang.String com.web.controller.SurveyController.save_answer(javax.servlet.http.HttpServletRequest)
2016/07/11 14:16:41 OSS INFO  [org.springframework.web.servlet.mvc.method.annotation.RequestMappingHandlerMapping] - Mapped &quot;{[//questionnaire],methods=[],params=[],headers=[],consumes=[],produces=[],custom=[]}&quot; onto public java.lang.String com.web.controller.SurveyController.questionnaire(javax.servlet.http.HttpServletRequest,javax.servlet.http.HttpServletResponse)
2016/07/11 14:16:41 OSS INFO  [org.springframework.web.servlet.mvc.method.annotation.RequestMappingHandlerMapping] - Mapped &quot;{[//redpack],methods=[POST],params=[],headers=[],consumes=[],produces=[text/html;charset=UTF-8],custom=[]}&quot; onto public java.lang.String com.web.controller.SurveyController.redpack(javax.servlet.http.HttpServletRequest,javax.servlet.http.HttpServletResponse)
2016/07/11 14:16:41 OSS INFO  [org.springframework.web.servlet.mvc.method.annotation.RequestMappingHandlerMapping] - Mapped &quot;{[/test/test],methods=[],params=[],headers=[],consumes=[],produces=[],custom=[]}&quot; onto public java.lang.String com.web.controller.TestController.test()
2016/07/11 14:16:41 OSS INFO  [org.springframework.web.servlet.mvc.method.annotation.RequestMappingHandlerMapping] - Mapped &quot;{[/test/import],methods=[],params=[],headers=[],consumes=[],produces=[],custom=[]}&quot; onto public void com.web.controller.TestController.importData()
2016/07/11 14:16:41 OSS INFO  [org.springframework.web.servlet.mvc.method.annotation.RequestMappingHandlerMapping] - Mapped &quot;{[/connect/api],methods=[GET],params=[],headers=[],consumes=[],produces=[],custom=[]}&quot; onto public java.lang.String com.web.controller.WechatConnectController.connectInterface(com.web.entity.WeChat)
2016/07/11 14:16:41 OSS INFO  [org.springframework.web.servlet.mvc.method.annotation.RequestMappingHandlerMapping] - Mapped &quot;{[/connect/api],methods=[POST],params=[],headers=[],consumes=[],produces=[],custom=[]}&quot; onto public java.lang.String com.web.controller.WechatConnectController.getWeiXinMessage(javax.servlet.http.HttpServletRequest,javax.servlet.http.HttpServletResponse) throws java.lang.Exception
2016/07/11 14:16:41 OSS INFO  [org.springframework.web.servlet.mvc.method.annotation.RequestMappingHandlerMapping] - Mapped &quot;{[/wechat/authorize],methods=[],params=[],headers=[],consumes=[],produces=[],custom=[]}&quot; onto public java.lang.String com.web.controller.WechatController.authorize(javax.servlet.http.HttpServletRequest,javax.servlet.http.HttpServletResponse) throws java.lang.Exception
2016/07/11 14:16:41 OSS INFO  [org.springframework.web.servlet.mvc.method.annotation.RequestMappingHandlerMapping] - Mapped &quot;{[/wechat/login/{refer_url}],methods=[],params=[],headers=[],consumes=[],produces=[],custom=[]}&quot; onto public java.lang.String com.web.controller.WechatController.login(java.lang.String,javax.servlet.http.HttpServletRequest)
2016/07/11 14:16:41 OSS INFO  [org.springframework.web.servlet.mvc.method.annotation.RequestMappingHandlerMapping] - Mapped &quot;{[/wechat/getWeiXinJsConf],methods=[POST],params=[],headers=[],consumes=[],produces=[],custom=[]}&quot; onto public java.lang.String com.web.controller.WechatController.getWeiXinJsConf(javax.servlet.http.HttpServletRequest,javax.servlet.http.HttpServletResponse)
2016/07/11 14:16:41 OSS INFO  [org.springframework.web.servlet.handler.SimpleUrlHandlerMapping] - Mapped URL path [/js/**] onto handler &apos;org.springframework.web.servlet.resource.ResourceHttpRequestHandler#0&apos;
2016/07/11 14:16:41 OSS INFO  [org.springframework.web.servlet.handler.SimpleUrlHandlerMapping] - Mapped URL path [/images/**] onto handler &apos;org.springframework.web.servlet.resource.ResourceHttpRequestHandler#1&apos;
2016/07/11 14:16:41 OSS INFO  [org.springframework.web.servlet.handler.SimpleUrlHandlerMapping] - Mapped URL path [/fonts/**] onto handler &apos;org.springframework.web.servlet.resource.ResourceHttpRequestHandler#2&apos;
2016/07/11 14:16:41 OSS INFO  [org.springframework.web.servlet.handler.SimpleUrlHandlerMapping] - Mapped URL path [/css/**] onto handler &apos;org.springframework.web.servlet.resource.ResourceHttpRequestHandler#3&apos;
2016/07/11 14:16:41 OSS INFO  [org.springframework.orm.hibernate4.HibernateTransactionManager] - Using DataSource [org.springframework.jdbc.datasource.DriverManagerDataSource@4d33d2a1] of Hibernate SessionFactory for HibernateTransactionManager
</system-out>
  </testcase>
</testsuite>